2026-07-05T05:39:58.534425Z  INFO herdr::api::server: api server listening path=/data/data/com.termux/files/home/.config/herdr/herdr.sock
2026-07-05T05:39:58.536952Z  INFO herdr::app: using pane scrollback configuration pane_scrollback_limit_bytes=10000000
2026-07-05T05:39:58.582968Z  INFO herdr::logging: checking for updates event="update.check.start" subsystem="update" outcome="started"
2026-07-05T05:39:58.583671Z  INFO herdr::logging: spawning pane terminal event="pane.spawn.start" subsystem="pane" outcome="started" pane_id=1 rows=24 cols=80 scrollback_limit_bytes=10000000
2026-07-05T05:39:58.586582Z  INFO herdr::logging: pane child spawned event="pane.spawned" subsystem="pane" outcome="ok" pane_id=1 pid=3590
2026-07-05T05:39:58.587603Z  INFO herdr::logging: workspace created event="workspace.create" subsystem="workspace" outcome="ok" workspace_id="w1" pane_id=1
2026-07-05T05:39:58.587645Z  INFO herdr::logging: workspace focused event="workspace.focus" subsystem="workspace" outcome="ok" workspace_id="w1"
2026-07-05T05:39:58.587677Z  INFO herdr::logging: tab focused event="tab.focus" subsystem="tab" outcome="ok" workspace_id="w1" tab_id="w1:t1"
2026-07-05T05:39:58.587700Z  INFO herdr::server::headless: created startup workspace cwd=/data/data/com.termux/files/home
2026-07-05T05:39:58.587894Z  INFO herdr::server::headless: client protocol socket listening path=/data/data/com.termux/files/home/.config/herdr/herdr-client.sock
2026-07-05T05:39:58.587961Z  INFO herdr::server::headless: herdr server started api_socket=/data/data/com.termux/files/home/.config/herdr/herdr.sock client_socket=/data/data/com.termux/files/home/.config/herdr/herdr-client.sock
2026-07-05T05:39:58.588010Z  INFO herdr::logging: herdr starting event="app.startup" subsystem="server" outcome="started" pid=3575
2026-07-05T05:39:58.842038Z  INFO herdr::server::headless: client connected client_id=2 cols=76 rows=53 cell_width_px=0 cell_height_px=0 render_encoding=SemanticFrame
2026-07-05T05:40:03.589758Z  INFO herdr::logging: session saved event="persist.save" subsystem="persist" outcome="ok" path=/data/data/com.termux/files/home/.config/herdr/session.json workspaces=1
2026-07-05T05:40:31.626877Z  INFO herdr::logging: tab focused event="tab.focus" subsystem="tab" outcome="ok" workspace_id="w1" tab_id="w1:t1"
2026-07-05T05:40:36.629619Z  INFO herdr::logging: session saved event="persist.save" subsystem="persist" outcome="ok" path=/data/data/com.termux/files/home/.config/herdr/session.json workspaces=1
2026-07-05T05:40:39.567854Z  WARN herdr::raw_input: flushing lone escape after input timeout; if this follows an alt chord or focus switch it may reach the pane as plain esc bytes=[27]
2026-07-05T05:40:52.030507Z  INFO herdr::logging: pane child exited event="pane.exit" subsystem="pane" outcome="completed" pane_id=1 status="ExitStatus { code: 127, signal: None }"
2026-07-05T05:40:52.030966Z  INFO herdr::pane: pane session terminated pane=1 pid=3590 signal=Hangup
2026-07-05T05:40:52.031312Z  INFO herdr::logging: spawning pane terminal event="pane.spawn.start" subsystem="pane" outcome="started" pane_id=2 rows=52 cols=50 scrollback_limit_bytes=10000000
2026-07-05T05:40:52.034888Z  INFO herdr::logging: pane child spawned event="pane.spawned" subsystem="pane" outcome="ok" pane_id=2 pid=4476
2026-07-05T05:40:52.035431Z  INFO herdr::logging: workspace created event="workspace.create" subsystem="workspace" outcome="ok" workspace_id="w2" pane_id=2
2026-07-05T05:40:52.035481Z  INFO herdr::logging: workspace focused event="workspace.focus" subsystem="workspace" outcome="ok" workspace_id="w2"
2026-07-05T05:40:52.035516Z  INFO herdr::logging: tab focused event="tab.focus" subsystem="tab" outcome="ok" workspace_id="w2" tab_id="w2:t1"
2026-07-05T05:40:57.045759Z  INFO herdr::logging: session saved event="persist.save" subsystem="persist" outcome="ok" path=/data/data/com.termux/files/home/.config/herdr/session.json workspaces=1
2026-07-05T05:40:58.835208Z  INFO herdr::logging: pane child exited event="pane.exit" subsystem="pane" outcome="completed" pane_id=2 status="ExitStatus { code: 0, signal: None }"
2026-07-05T05:40:58.835930Z  INFO herdr::pane: pane session terminated pane=2 pid=4476 signal=Hangup
2026-07-05T05:40:58.836740Z  INFO herdr::logging: spawning pane terminal event="pane.spawn.start" subsystem="pane" outcome="started" pane_id=3 rows=52 cols=50 scrollback_limit_bytes=10000000
2026-07-05T05:40:58.840449Z  INFO herdr::logging: pane child spawned event="pane.spawned" subsystem="pane" outcome="ok" pane_id=3 pid=4632
2026-07-05T05:40:58.841027Z  INFO herdr::logging: workspace created event="workspace.create" subsystem="workspace" outcome="ok" workspace_id="w3" pane_id=3
2026-07-05T05:40:58.841085Z  INFO herdr::logging: workspace focused event="workspace.focus" subsystem="workspace" outcome="ok" workspace_id="w3"
2026-07-05T05:40:58.841120Z  INFO herdr::logging: tab focused event="tab.focus" subsystem="tab" outcome="ok" workspace_id="w3" tab_id="w3:t1"
2026-07-05T05:41:03.850641Z  INFO herdr::logging: session saved event="persist.save" subsystem="persist" outcome="ok" path=/data/data/com.termux/files/home/.config/herdr/session.json workspaces=1
2026-07-05T05:42:30.531098Z  INFO herdr::server::headless: client resize client_id=2 cols=76 rows=86 cell_width_px=0 cell_height_px=0
2026-07-05T05:42:30.782061Z  INFO herdr::server::headless: client resize client_id=2 cols=76 rows=53 cell_width_px=0 cell_height_px=0
2026-07-05T05:42:59.232453Z  INFO herdr::logging: workspace focused event="workspace.focus" subsystem="workspace" outcome="ok" workspace_id="w3"
2026-07-05T05:42:59.232562Z  INFO herdr::logging: tab focused event="tab.focus" subsystem="tab" outcome="ok" workspace_id="w3" tab_id="w3:t1"
2026-07-05T05:43:00.057467Z  INFO herdr::logging: workspace focused event="workspace.focus" subsystem="workspace" outcome="ok" workspace_id="w3"
2026-07-05T05:43:00.057566Z  INFO herdr::logging: tab focused event="tab.focus" subsystem="tab" outcome="ok" workspace_id="w3" tab_id="w3:t1"
2026-07-05T05:43:01.143134Z  INFO herdr::logging: workspace focused event="workspace.focus" subsystem="workspace" outcome="ok" workspace_id="w3"
2026-07-05T05:43:01.143236Z  INFO herdr::logging: tab focused event="tab.focus" subsystem="tab" outcome="ok" workspace_id="w3" tab_id="w3:t1"
2026-07-05T05:43:01.759657Z  INFO herdr::logging: workspace focused event="workspace.focus" subsystem="workspace" outcome="ok" workspace_id="w3"
2026-07-05T05:43:01.759760Z  INFO herdr::logging: tab focused event="tab.focus" subsystem="tab" outcome="ok" workspace_id="w3" tab_id="w3:t1"
2026-07-05T05:43:06.770881Z  INFO herdr::logging: session saved event="persist.save" subsystem="persist" outcome="ok" path=/data/data/com.termux/files/home/.config/herdr/session.json workspaces=1
2026-07-05T05:43:08.010449Z  INFO herdr::logging: pane child exited event="pane.exit" subsystem="pane" outcome="completed" pane_id=3 status="ExitStatus { code: 127, signal: None }"
2026-07-05T05:43:08.011011Z  INFO herdr::pane: pane session terminated pane=3 pid=4632 signal=Hangup
2026-07-05T05:43:08.011945Z  INFO herdr::logging: spawning pane terminal event="pane.spawn.start" subsystem="pane" outcome="started" pane_id=4 rows=52 cols=50 scrollback_limit_bytes=10000000
2026-07-05T05:43:08.015609Z  INFO herdr::logging: pane child spawned event="pane.spawned" subsystem="pane" outcome="ok" pane_id=4 pid=5786
2026-07-05T05:43:08.016395Z  INFO herdr::logging: workspace created event="workspace.create" subsystem="workspace" outcome="ok" workspace_id="w4" pane_id=4
2026-07-05T05:43:08.016445Z  INFO herdr::logging: workspace focused event="workspace.focus" subsystem="workspace" outcome="ok" workspace_id="w4"
2026-07-05T05:43:08.016482Z  INFO herdr::logging: tab focused event="tab.focus" subsystem="tab" outcome="ok" workspace_id="w4" tab_id="w4:t1"
2026-07-05T05:43:13.026322Z  INFO herdr::logging: session saved event="persist.save" subsystem="persist" outcome="ok" path=/data/data/com.termux/files/home/.config/herdr/session.json workspaces=1
2026-07-05T05:43:13.236491Z  INFO herdr::server::headless: client disconnected client_id=2
